[debug] [2023-05-03T15:10:40.206Z] ----------------------------------------------------------------------
[debug] [2023-05-03T15:10:40.207Z] Command:       /opt/homebrew/Cellar/node/19.5.0/bin/node /opt/homebrew/bin/firebase init
[debug] [2023-05-03T15:10:40.207Z] CLI Version:   10.1.2
[debug] [2023-05-03T15:10:40.207Z] Platform:      darwin
[debug] [2023-05-03T15:10:40.207Z] Node Version:  v19.5.0
[debug] [2023-05-03T15:10:40.207Z] Time:          Wed May 03 2023 11:10:40 GMT-0400 (Eastern Daylight Saving Time)
[debug] [2023-05-03T15:10:40.208Z] ----------------------------------------------------------------------
[debug] 
[debug] [2023-05-03T15:10:40.209Z] >>> [apiv2][query] GET https://firebase-public.firebaseio.com/cli.json [none]
[debug] [2023-05-03T15:10:40.221Z] > command requires scopes: ["email","openid","https://www.googleapis.com/auth/cloudplatformprojects.readonly","https://www.googleapis.com/auth/firebase","https://www.googleapis.com/auth/cloud-platform"]
[debug] [2023-05-03T15:10:40.221Z] > authorizing via signed-in user (david.c.dales@gmail.com)
[info] 
     ######## #### ########  ######## ########     ###     ######  ########
     ##        ##  ##     ## ##       ##     ##  ##   ##  ##       ##
     ######    ##  ########  ######   ########  #########  ######  ######
     ##        ##  ##    ##  ##       ##     ## ##     ##       ## ##
     ##       #### ##     ## ######## ########  ##     ##  ######  ########

You're about to initialize a Firebase project in this directory:

  /Users/daviddales/dev/in_progress/use-unofficial-jisho-api

[debug] [2023-05-03T15:10:40.348Z] <<< [apiv2][status] GET https://firebase-public.firebaseio.com/cli.json 200
[debug] [2023-05-03T15:10:40.348Z] <<< [apiv2][body] GET https://firebase-public.firebaseio.com/cli.json {"cloudBuildErrorAfter":1594252800000,"cloudBuildWarnAfter":1590019200000,"defaultNode10After":1594252800000,"minVersion":"3.0.5","node8DeploysDisabledAfter":1613390400000,"node8RuntimeDisabledAfter":1615809600000,"node8WarnAfter":1600128000000}
[info] 
=== Project Setup
[info] 
[info] First, let's associate this project directory with a Firebase project.
[info] You can create multiple project aliases by running firebase use --add, 
[info] but for now we'll just set up a default project.
[info] 
[info] i  If you want to create a project in a Google Cloud organization or folder, please use "firebase projects:create" instead, and return to this command when you've created the project. 
[debug] [2023-05-03T15:12:20.617Z] > refreshing access token with scopes: ["email","https://www.googleapis.com/auth/cloud-platform","https://www.googleapis.com/auth/cloudplatformprojects.readonly","https://www.googleapis.com/auth/firebase","openid"]
[debug] [2023-05-03T15:12:20.617Z] >>> HTTP REQUEST POST https://www.googleapis.com/oauth2/v3/token  
 <request body omitted>
[debug] [2023-05-03T15:12:20.783Z] <<< HTTP RESPONSE 200 {"cache-control":"no-cache, no-store, max-age=0, must-revalidate","expires":"Mon, 01 Jan 1990 00:00:00 GMT","pragma":"no-cache","date":"Wed, 03 May 2023 15:12:20 GMT","content-type":"application/json; charset=utf-8","vary":"X-Origin, Referer, Origin,Accept-Encoding","server":"scaffolding on HTTPServer2","x-xss-protection":"0","x-frame-options":"SAMEORIGIN","x-content-type-options":"nosniff","alt-svc":"h3=\":443\"; ma=2592000,h3-29=\":443\"; ma=2592000","accept-ranges":"none","transfer-encoding":"chunked"}
[debug] [2023-05-03T15:12:20.795Z] >>> HTTP REQUEST POST https://cloudresourcemanager.googleapis.com/v1/projects  
 {"projectId":"use-unofficial-jisho-api","name":"use-unofficial-jisho-api"}
[debug] [2023-05-03T15:12:21.186Z] <<< HTTP RESPONSE 200 {"content-type":"application/json; charset=UTF-8","vary":"X-Origin, Referer, Origin,Accept-Encoding","date":"Wed, 03 May 2023 15:12:21 GMT","server":"ESF","cache-control":"private","x-xss-protection":"0","x-frame-options":"SAMEORIGIN","x-content-type-options":"nosniff","server-timing":"gfet4t7; dur=282","alt-svc":"h3=\":443\"; ma=2592000,h3-29=\":443\"; ma=2592000","accept-ranges":"none","transfer-encoding":"chunked"}
[debug] [2023-05-03T15:12:21.187Z] > refreshing access token with scopes: []
[debug] [2023-05-03T15:12:21.187Z] >>> HTTP REQUEST POST https://www.googleapis.com/oauth2/v3/token  
 <request body omitted>
[debug] [2023-05-03T15:12:21.298Z] <<< HTTP RESPONSE 200 {"expires":"Mon, 01 Jan 1990 00:00:00 GMT","pragma":"no-cache","date":"Wed, 03 May 2023 15:12:21 GMT","cache-control":"no-cache, no-store, max-age=0, must-revalidate","content-type":"application/json; charset=utf-8","vary":"X-Origin, Referer, Origin,Accept-Encoding","server":"scaffolding on HTTPServer2","x-xss-protection":"0","x-frame-options":"SAMEORIGIN","x-content-type-options":"nosniff","alt-svc":"h3=\":443\"; ma=2592000,h3-29=\":443\"; ma=2592000","accept-ranges":"none","transfer-encoding":"chunked"}
[debug] [2023-05-03T15:12:21.309Z] >>> [apiv2][query] GET https://cloudresourcemanager.googleapis.com/v1/operations/cp.6606421776109913314 [none]
[debug] [2023-05-03T15:12:21.766Z] <<< [apiv2][status] GET https://cloudresourcemanager.googleapis.com/v1/operations/cp.6606421776109913314 200
[debug] [2023-05-03T15:12:21.766Z] <<< [apiv2][body] GET https://cloudresourcemanager.googleapis.com/v1/operations/cp.6606421776109913314 {"name":"operations/cp.6606421776109913314"}
[debug] [2023-05-03T15:12:22.267Z] [Project Creation Poller] Retrying task index 0
[debug] [2023-05-03T15:12:22.267Z] >>> [apiv2][query] GET https://cloudresourcemanager.googleapis.com/v1/operations/cp.6606421776109913314 [none]
[debug] [2023-05-03T15:12:22.601Z] <<< [apiv2][status] GET https://cloudresourcemanager.googleapis.com/v1/operations/cp.6606421776109913314 200
[debug] [2023-05-03T15:12:22.601Z] <<< [apiv2][body] GET https://cloudresourcemanager.googleapis.com/v1/operations/cp.6606421776109913314 {"name":"operations/cp.6606421776109913314"}
[debug] [2023-05-03T15:12:23.602Z] [Project Creation Poller] Retrying task index 0
[debug] [2023-05-03T15:12:23.602Z] >>> [apiv2][query] GET https://cloudresourcemanager.googleapis.com/v1/operations/cp.6606421776109913314 [none]
[debug] [2023-05-03T15:12:24.015Z] <<< [apiv2][status] GET https://cloudresourcemanager.googleapis.com/v1/operations/cp.6606421776109913314 200
[debug] [2023-05-03T15:12:24.015Z] <<< [apiv2][body] GET https://cloudresourcemanager.googleapis.com/v1/operations/cp.6606421776109913314 {"name":"operations/cp.6606421776109913314","metadata":{"@type":"type.googleapis.com/google.cloudresourcemanager.v1.ProjectCreationStatus","gettable":true}}
[debug] [2023-05-03T15:12:26.016Z] [Project Creation Poller] Retrying task index 0
[debug] [2023-05-03T15:12:26.016Z] >>> [apiv2][query] GET https://cloudresourcemanager.googleapis.com/v1/operations/cp.6606421776109913314 [none]
[debug] [2023-05-03T15:12:26.368Z] <<< [apiv2][status] GET https://cloudresourcemanager.googleapis.com/v1/operations/cp.6606421776109913314 200
[debug] [2023-05-03T15:12:26.368Z] <<< [apiv2][body] GET https://cloudresourcemanager.googleapis.com/v1/operations/cp.6606421776109913314 {"name":"operations/cp.6606421776109913314","metadata":{"@type":"type.googleapis.com/google.cloudresourcemanager.v1.ProjectCreationStatus","gettable":true,"ready":true},"done":true,"response":{"@type":"type.googleapis.com/google.cloudresourcemanager.v1.Project","projectNumber":"257631261786","projectId":"use-unofficial-jisho-api","lifecycleState":"ACTIVE","name":"use-unofficial-jisho-api","createTime":"2023-05-03T15:12:23.013Z"}}
[debug] [2023-05-03T15:12:26.369Z] > refreshing access token with scopes: ["email","https://www.googleapis.com/auth/cloud-platform","https://www.googleapis.com/auth/cloudplatformprojects.readonly","https://www.googleapis.com/auth/firebase","openid"]
[debug] [2023-05-03T15:12:26.370Z] >>> HTTP REQUEST POST https://www.googleapis.com/oauth2/v3/token  
 <request body omitted>
[debug] [2023-05-03T15:12:26.501Z] <<< HTTP RESPONSE 200 {"cache-control":"no-cache, no-store, max-age=0, must-revalidate","expires":"Mon, 01 Jan 1990 00:00:00 GMT","pragma":"no-cache","date":"Wed, 03 May 2023 15:12:26 GMT","content-type":"application/json; charset=utf-8","vary":"X-Origin, Referer, Origin,Accept-Encoding","server":"scaffolding on HTTPServer2","x-xss-protection":"0","x-frame-options":"SAMEORIGIN","x-content-type-options":"nosniff","alt-svc":"h3=\":443\"; ma=2592000,h3-29=\":443\"; ma=2592000","accept-ranges":"none","transfer-encoding":"chunked"}
[debug] [2023-05-03T15:12:26.512Z] >>> HTTP REQUEST POST https://firebase.googleapis.com/v1beta1/projects/use-unofficial-jisho-api:addFirebase  
 
[debug] [2023-05-03T15:12:28.917Z] <<< HTTP RESPONSE 200 {"content-type":"application/json; charset=UTF-8","vary":"X-Origin, Referer, Origin,Accept-Encoding","date":"Wed, 03 May 2023 15:12:29 GMT","server":"ESF","cache-control":"private","x-xss-protection":"0","x-frame-options":"SAMEORIGIN","x-content-type-options":"nosniff","alt-svc":"h3=\":443\"; ma=2592000,h3-29=\":443\"; ma=2592000","accept-ranges":"none","transfer-encoding":"chunked"}
[debug] [2023-05-03T15:12:28.918Z] > refreshing access token with scopes: []
[debug] [2023-05-03T15:12:28.918Z] >>> HTTP REQUEST POST https://www.googleapis.com/oauth2/v3/token  
 <request body omitted>
[debug] [2023-05-03T15:12:28.993Z] <<< HTTP RESPONSE 200 {"expires":"Mon, 01 Jan 1990 00:00:00 GMT","date":"Wed, 03 May 2023 15:12:29 GMT","pragma":"no-cache","cache-control":"no-cache, no-store, max-age=0, must-revalidate","content-type":"application/json; charset=utf-8","vary":"X-Origin, Referer, Origin,Accept-Encoding","server":"scaffolding on HTTPServer2","x-xss-protection":"0","x-frame-options":"SAMEORIGIN","x-content-type-options":"nosniff","alt-svc":"h3=\":443\"; ma=2592000,h3-29=\":443\"; ma=2592000","accept-ranges":"none","transfer-encoding":"chunked"}
[debug] [2023-05-03T15:12:29.007Z] >>> [apiv2][query] GET https://firebase.googleapis.com/v1beta1/operations/workflows/ZmIzYjliZTUtNThlZi00ZTZjLTg4MzgtMzNkMmU3MTkwYTEw [none]
[debug] [2023-05-03T15:12:29.392Z] <<< [apiv2][status] GET https://firebase.googleapis.com/v1beta1/operations/workflows/ZmIzYjliZTUtNThlZi00ZTZjLTg4MzgtMzNkMmU3MTkwYTEw 200
[debug] [2023-05-03T15:12:29.393Z] <<< [apiv2][body] GET https://firebase.googleapis.com/v1beta1/operations/workflows/ZmIzYjliZTUtNThlZi00ZTZjLTg4MzgtMzNkMmU3MTkwYTEw {"name":"operations/workflows/ZmIzYjliZTUtNThlZi00ZTZjLTg4MzgtMzNkMmU3MTkwYTEw"}
[debug] [2023-05-03T15:12:29.894Z] [Add Firebase Poller] Retrying task index 0
[debug] [2023-05-03T15:12:29.894Z] >>> [apiv2][query] GET https://firebase.googleapis.com/v1beta1/operations/workflows/ZmIzYjliZTUtNThlZi00ZTZjLTg4MzgtMzNkMmU3MTkwYTEw [none]
[debug] [2023-05-03T15:12:30.213Z] <<< [apiv2][status] GET https://firebase.googleapis.com/v1beta1/operations/workflows/ZmIzYjliZTUtNThlZi00ZTZjLTg4MzgtMzNkMmU3MTkwYTEw 200
[debug] [2023-05-03T15:12:30.213Z] <<< [apiv2][body] GET https://firebase.googleapis.com/v1beta1/operations/workflows/ZmIzYjliZTUtNThlZi00ZTZjLTg4MzgtMzNkMmU3MTkwYTEw {"name":"operations/workflows/ZmIzYjliZTUtNThlZi00ZTZjLTg4MzgtMzNkMmU3MTkwYTEw"}
[debug] [2023-05-03T15:12:31.214Z] [Add Firebase Poller] Retrying task index 0
[debug] [2023-05-03T15:12:31.214Z] >>> [apiv2][query] GET https://firebase.googleapis.com/v1beta1/operations/workflows/ZmIzYjliZTUtNThlZi00ZTZjLTg4MzgtMzNkMmU3MTkwYTEw [none]
[debug] [2023-05-03T15:12:31.614Z] <<< [apiv2][status] GET https://firebase.googleapis.com/v1beta1/operations/workflows/ZmIzYjliZTUtNThlZi00ZTZjLTg4MzgtMzNkMmU3MTkwYTEw 200
[debug] [2023-05-03T15:12:31.614Z] <<< [apiv2][body] GET https://firebase.googleapis.com/v1beta1/operations/workflows/ZmIzYjliZTUtNThlZi00ZTZjLTg4MzgtMzNkMmU3MTkwYTEw {"name":"operations/workflows/ZmIzYjliZTUtNThlZi00ZTZjLTg4MzgtMzNkMmU3MTkwYTEw"}
[debug] [2023-05-03T15:12:33.615Z] [Add Firebase Poller] Retrying task index 0
[debug] [2023-05-03T15:12:33.616Z] >>> [apiv2][query] GET https://firebase.googleapis.com/v1beta1/operations/workflows/ZmIzYjliZTUtNThlZi00ZTZjLTg4MzgtMzNkMmU3MTkwYTEw [none]
[debug] [2023-05-03T15:12:34.010Z] <<< [apiv2][status] GET https://firebase.googleapis.com/v1beta1/operations/workflows/ZmIzYjliZTUtNThlZi00ZTZjLTg4MzgtMzNkMmU3MTkwYTEw 200
[debug] [2023-05-03T15:12:34.010Z] <<< [apiv2][body] GET https://firebase.googleapis.com/v1beta1/operations/workflows/ZmIzYjliZTUtNThlZi00ZTZjLTg4MzgtMzNkMmU3MTkwYTEw {"name":"operations/workflows/ZmIzYjliZTUtNThlZi00ZTZjLTg4MzgtMzNkMmU3MTkwYTEw"}
[debug] [2023-05-03T15:12:38.011Z] [Add Firebase Poller] Retrying task index 0
[debug] [2023-05-03T15:12:38.011Z] >>> [apiv2][query] GET https://firebase.googleapis.com/v1beta1/operations/workflows/ZmIzYjliZTUtNThlZi00ZTZjLTg4MzgtMzNkMmU3MTkwYTEw [none]
[debug] [2023-05-03T15:12:38.373Z] <<< [apiv2][status] GET https://firebase.googleapis.com/v1beta1/operations/workflows/ZmIzYjliZTUtNThlZi00ZTZjLTg4MzgtMzNkMmU3MTkwYTEw 200
[debug] [2023-05-03T15:12:38.373Z] <<< [apiv2][body] GET https://firebase.googleapis.com/v1beta1/operations/workflows/ZmIzYjliZTUtNThlZi00ZTZjLTg4MzgtMzNkMmU3MTkwYTEw {"name":"operations/workflows/ZmIzYjliZTUtNThlZi00ZTZjLTg4MzgtMzNkMmU3MTkwYTEw"}
[debug] [2023-05-03T15:12:46.374Z] [Add Firebase Poller] Retrying task index 0
[debug] [2023-05-03T15:12:46.374Z] >>> [apiv2][query] GET https://firebase.googleapis.com/v1beta1/operations/workflows/ZmIzYjliZTUtNThlZi00ZTZjLTg4MzgtMzNkMmU3MTkwYTEw [none]
[debug] [2023-05-03T15:12:46.694Z] <<< [apiv2][status] GET https://firebase.googleapis.com/v1beta1/operations/workflows/ZmIzYjliZTUtNThlZi00ZTZjLTg4MzgtMzNkMmU3MTkwYTEw 200
[debug] [2023-05-03T15:12:46.694Z] <<< [apiv2][body] GET https://firebase.googleapis.com/v1beta1/operations/workflows/ZmIzYjliZTUtNThlZi00ZTZjLTg4MzgtMzNkMmU3MTkwYTEw {"name":"operations/workflows/ZmIzYjliZTUtNThlZi00ZTZjLTg4MzgtMzNkMmU3MTkwYTEw","done":true,"response":{"@type":"type.googleapis.com/google.firebase.service.v1beta1.FirebaseProject","projectId":"use-unofficial-jisho-api","projectNumber":"257631261786","displayName":"use-unofficial-jisho-api","name":"projects/use-unofficial-jisho-api","resources":{"hostingSite":"use-unofficial-jisho-api"}}}
[info] 
[info] 🎉🎉🎉 Your Firebase project is ready! 🎉🎉🎉
[info] 
[info] Project information:
[info]    - Project ID: use-unofficial-jisho-api
[info]    - Project Name: use-unofficial-jisho-api
[info] 
[info] Firebase console is available at
[info] https://console.firebase.google.com/project/use-unofficial-jisho-api/overview
[info] i  Using project use-unofficial-jisho-api (use-unofficial-jisho-api) 
[info] 
=== Hosting Setup
[info] 
[info] Your public directory is the folder (relative to your project directory) that
[info] will contain Hosting assets to be uploaded with firebase deploy. If you
[info] have a build process for your assets, use your build's output directory.
[info] 
[debug] [2023-05-03T15:13:50.947Z] >>> [apiv2][query] GET https://www.gstatic.com/firebasejs/releases.json [none]
[debug] [2023-05-03T15:13:51.042Z] <<< [apiv2][status] GET https://www.gstatic.com/firebasejs/releases.json 200
[debug] [2023-05-03T15:13:51.042Z] <<< [apiv2][body] GET https://www.gstatic.com/firebasejs/releases.json {"current":{"version":"9.21.0","browserURL":"https://www.gstatic.com/firebasejs/9.21.0/firebase.js","packageURL":"https://www.gstatic.com/firebasejs/9.21.0/firebase.tgz"},"live":{"version":"9.21","browserURL":"https://www.gstatic.com/firebasejs/live/9.21/firebase.js","packageURL":"https://www.gstatic.com/firebasejs/live/9.21/firebase.tgz"},"components":{"analytics":"https://www.gstatic.com/firebasejs/9.21.0/firebase-analytics.js","app":"https://www.gstatic.com/firebasejs/9.21.0/firebase-app.js","app-check":"https://www.gstatic.com/firebasejs/9.21.0/firebase-app-check.js","auth":"https://www.gstatic.com/firebasejs/9.21.0/firebase-auth.js","auth/cordova":"https://www.gstatic.com/firebasejs/9.21.0/firebase-auth/cordova.js","auth/react-native":"https://www.gstatic.com/firebasejs/9.21.0/firebase-auth/react-native.js","functions":"https://www.gstatic.com/firebasejs/9.21.0/firebase-functions.js","firestore":"https://www.gstatic.com/firebasejs/9.21.0/firebase-firestore.js","firestore/lite":"https://www.gstatic.com/firebasejs/9.21.0/firebase-firestore/lite.js","installations":"https://www.gstatic.com/firebasejs/9.21.0/firebase-installations.js","storage":"https://www.gstatic.com/firebasejs/9.21.0/firebase-storage.js","performance":"https://www.gstatic.com/firebasejs/9.21.0/firebase-performance.js","remote-config":"https://www.gstatic.com/firebasejs/9.21.0/firebase-remote-config.js","messaging":"https://www.gstatic.com/firebasejs/9.21.0/firebase-messaging.js","messaging/sw":"https://www.gstatic.com/firebasejs/9.21.0/firebase-messaging/sw.js","database":"https://www.gstatic.com/firebasejs/9.21.0/firebase-database.js","firestore.memory":"https://www.gstatic.com/firebasejs/9.21.0/firebase-firestore.memory.js"}}
[info] ✔  Wrote public/index.html 
[info] 
[info] i  Detected a .git folder at /Users/daviddales/dev/in_progress/use-unofficial-jisho-api 
[info] i  Authorizing with GitHub to upload your service account to a GitHub repository's secrets store. 
[info] 
[info] Visit this URL on this device to log in:
[info] https://github.com/login/oauth/authorize?client_id=89cf50f02ac6aaed3484&state=151199016&redirect_uri=http%3A%2F%2Flocalhost%3A9005&scope=read%3Auser%20repo%20public_repo
[info] 
[info] Waiting for authentication...
[debug] [2023-05-03T15:14:20.641Z] >>> HTTP REQUEST POST https://github.com/login/oauth/access_token  
 {"client_id":"89cf50f02ac6aaed3484","client_secret":"3330d14abc895d9a74d5f17cd7a00711fa2c5bf0","code":"1eb3b21b57c99f1b965d","redirect_uri":"http://localhost:9005","state":"151199016"}
[debug] [2023-05-03T15:14:20.894Z] <<< HTTP RESPONSE 200 {"server":"GitHub.com","date":"Wed, 03 May 2023 15:14:20 GMT","content-type":"application/json; charset=utf-8","transfer-encoding":"chunked","vary":"X-PJAX, X-PJAX-Container, Turbo-Visit, Turbo-Frame, Accept-Encoding, Accept, X-Requested-With","etag":"W/\"6f90227f374021c49d3dd4f9ef44b660\"","cache-control":"max-age=0, private, must-revalidate","strict-transport-security":"max-age=31536000; includeSubdomains; preload","x-frame-options":"deny","x-content-type-options":"nosniff","x-xss-protection":"0","referrer-policy":"origin-when-cross-origin, strict-origin-when-cross-origin","content-security-policy":"default-src 'none'; base-uri 'self'; block-all-mixed-content; child-src github.com/assets-cdn/worker/ gist.github.com/assets-cdn/worker/; connect-src 'self' uploads.github.com objects-origin.githubusercontent.com www.githubstatus.com collector.github.com raw.githubusercontent.com api.github.com github-cloud.s3.amazonaws.com github-production-repository-file-5c1aeb.s3.amazonaws.com github-production-upload-manifest-file-7fdce7.s3.amazonaws.com github-production-user-asset-6210df.s3.amazonaws.com cdn.optimizely.com logx.optimizely.com/v1/events *.actions.githubusercontent.com productionresultssa0.blob.core.windows.net/ productionresultssa1.blob.core.windows.net/ productionresultssa2.blob.core.windows.net/ productionresultssa3.blob.core.windows.net/ productionresultssa4.blob.core.windows.net/ wss://*.actions.githubusercontent.com github-production-repository-image-32fea6.s3.amazonaws.com github-production-release-asset-2e65be.s3.amazonaws.com insights.github.com wss://alive.github.com; font-src github.githubassets.com; form-action 'self' github.com gist.github.com objects-origin.githubusercontent.com; frame-ancestors 'none'; frame-src viewscreen.githubusercontent.com notebooks.githubusercontent.com; img-src 'self' data: github.githubassets.com media.githubusercontent.com camo.githubusercontent.com identicons.github.com avatars.githubusercontent.com github-cloud.s3.amazonaws.com objects.githubusercontent.com objects-origin.githubusercontent.com secured-user-images.githubusercontent.com/ user-images.githubusercontent.com/ private-user-images.githubusercontent.com opengraph.githubassets.com github-production-user-asset-6210df.s3.amazonaws.com customer-stories-feed.github.com spotlights-feed.github.com *.githubusercontent.com; manifest-src 'self'; media-src github.com user-images.githubusercontent.com/ secured-user-images.githubusercontent.com/ private-user-images.githubusercontent.com; script-src github.githubassets.com; style-src 'unsafe-inline' github.githubassets.com; worker-src github.com/assets-cdn/worker/ gist.github.com/assets-cdn/worker/","x-github-request-id":"F0D8:972E:8D433A:D55ABD:64527A4C"}
[debug] [2023-05-03T15:14:20.898Z] >>> [apiv2][query] GET https://api.github.com/user [none]
[debug] [2023-05-03T15:14:21.160Z] <<< [apiv2][status] GET https://api.github.com/user 200
[debug] [2023-05-03T15:14:21.160Z] <<< [apiv2][body] GET https://api.github.com/user {"login":"davidd647","id":17207891,"node_id":"MDQ6VXNlcjE3MjA3ODkx","avatar_url":"https://avatars.githubusercontent.com/u/17207891?v=4","gravatar_id":"","url":"https://api.github.com/users/davidd647","html_url":"https://github.com/davidd647","followers_url":"https://api.github.com/users/davidd647/followers","following_url":"https://api.github.com/users/davidd647/following{/other_user}","gists_url":"https://api.github.com/users/davidd647/gists{/gist_id}","starred_url":"https://api.github.com/users/davidd647/starred{/owner}{/repo}","subscriptions_url":"https://api.github.com/users/davidd647/subscriptions","organizations_url":"https://api.github.com/users/davidd647/orgs","repos_url":"https://api.github.com/users/davidd647/repos","events_url":"https://api.github.com/users/davidd647/events{/privacy}","received_events_url":"https://api.github.com/users/davidd647/received_events","type":"User","site_admin":false,"name":"David Dales","company":null,"blog":"www.d2dev.io","location":"Toronto, Canada","email":"david.c.dales@gmail.com","hireable":null,"bio":"One among many modern-day web wizards.","twitter_username":null,"public_repos":46,"public_gists":0,"followers":18,"following":50,"created_at":"2016-02-12T21:39:06Z","updated_at":"2021-12-10T23:51:12Z","private_gists":2,"total_private_repos":18,"owned_private_repos":18,"disk_usage":35799,"collaborators":0,"two_factor_authentication":false,"plan":{"name":"free","space":976562499,"collaborators":0,"private_repos":10000}}
[info] 
[info] ✔  Success! Logged into GitHub as davidd647 
[info] 
[debug] [2023-05-03T15:15:20.574Z] >>> [apiv2][query] GET https://api.github.com/repos/davidd647/use-unofficial-jisho-app/actions/secrets/public-key type=owner
[debug] [2023-05-03T15:15:20.842Z] <<< [apiv2][status] GET https://api.github.com/repos/davidd647/use-unofficial-jisho-app/actions/secrets/public-key 404
[debug] [2023-05-03T15:15:20.842Z] <<< [apiv2][body] GET https://api.github.com/repos/davidd647/use-unofficial-jisho-app/actions/secrets/public-key {"message":"Not Found","documentation_url":"https://docs.github.com/rest/reference/actions#get-a-repository-public-key"}
[debug] [2023-05-03T15:15:31.305Z] >>> [apiv2][query] GET https://api.github.com/repos/davidd647/use-unofficial-jisho-app/actions/secrets/public-key type=owner
[debug] [2023-05-03T15:15:31.461Z] <<< [apiv2][status] GET https://api.github.com/repos/davidd647/use-unofficial-jisho-app/actions/secrets/public-key 404
[debug] [2023-05-03T15:15:31.462Z] <<< [apiv2][body] GET https://api.github.com/repos/davidd647/use-unofficial-jisho-app/actions/secrets/public-key {"message":"Not Found","documentation_url":"https://docs.github.com/rest/reference/actions#get-a-repository-public-key"}
